
0 0.0499528 1 -0.000261305709785064 -0.000428976520009364 1.41173603460762e-05 0.000479397246440357

0 0.0499528 1 -0.000261305709785064 -0.000428976520009364 1.41173603460762e-05 0.000479397246440357
0.203365193775121 0.050702043424936 1.01499902758076 -0.000246975475339245 -0.000368780436324864 1.72154729220544e-05 0.000480747419779207
0.406730387550241 0.0514537843279551 1.03004805192011 -0.000231969776313919 -0.000327733444733866 1.23393544744251e-05 0.000480180015289796
0.610095581325362 0.0522055252309743 1.04509707625947 -0.00022208563999892 -0.00028345126146647 1.32013683435496e-05 0.000480254827975392
0.813460775100482 0.0529572661339934 1.06014610059883 -0.000211130813939618 -0.000225322458450865 1.32413421348483e-05 0.000482899449932665
1.0168259688756 0.0537090070370125 1.07519512493819 -0.000217903941677491 -0.000189255626855621 3.70509051668406e-06 0.00048424588127492
1.22019116265072 0.0544607479400317 1.09024414927755 -0.000206682544548757 -0.000115983974436504 4.97697960135444e-06 0.000486565692534124
1.42355635642584 0.0552124888430508 1.10529317361691 -0.000189042709413558 -8.03921480844826e-05 3.86259933980843e-06 0.0004879161165851
1.62692155020096 0.0559642297460699 1.12034219795627 -0.000183078884023937 -2.59038514049341e-05 7.89327726524527e-06 0.000489674383431578
1.83028674397609 0.056715970649089 1.13539122229563 -0.000176266464847223 2.16803601829358e-05 6.17624619366495e-06 0.000493779871244714
2.03365193775121 0.0574677115521082 1.15044024663499 -0.000165105380641563 6.23996169653218e-05 4.87416096645863e-06 0.000496586685473448
2.23701713152633 0.0582194524551273 1.16548927097435 -0.000154260746208413 0.000119028569729899 3.68555826032363e-06 0.000500175365472454
2.44038232530145 0.0589711933581464 1.1805382953137 -0.000154603300212129 0.000150786290553205 2.95035025427339e-06 0.000503577752038667
2.64374751907657 0.0597229342611656 1.19558731965306 -0.000139178938120588 0.000217927231479133 -1.34673995021488e-06 0.000508921929005462
2.84711271285169 0.0604746751641847 1.21063634399242 -0.000131022983427475 0.000272105481834983 -3.74300723004414e-06 0.000515442991272241
3.05047790662681 0.0612264160672038 1.22568536833178 -0.00012662685588298 0.000324011915455189 -9.70157241991081e-07 0.000520938225310689
3.25384310040193 0.0619781569702229 1.24073439267114 -0.000121537004066227 0.000362504958815487 -3.36960437989715e-07 0.000525994439225117
3.45720829417705 0.0627298978732421 1.2557834170105 -9.89558996757247e-05 0.00040665585617911 3.76715816001255e-06 0.000530193018821562
3.66057348795217 0.0634816387762612 1.27083244134986 -0.000102473694066353 0.000430261615025173 -3.95529528999348e-07 0.000535313761330509
3.86393868172729 0.0642333796792803 1.28588146568922 -8.8549562757739e-05 0.000466651106332244 -2.30251044119517e-06 0.000540139997405734
4.06730387550241 0.0649851205822994 1.30093049002857 -8.65411757697739e-05 0.000515813209516944 -1.05099207939237e-06 0.000547948631645604
4.27066906927753 0.0657368614853186 1.31597951436794 -6.787347496493e-05 0.000551453903279563 -9.38487439856601e-07 0.000552335134395489
4.47403426305265 0.0664886023883377 1.33102853870729 -7.16430070398739e-05 0.000589278970747342 -2.83089057886458e-06 0.000558067717189916
4.67739945682777 0.0672403432913568 1.34607756304665 -7.10433669984966e-05 0.000613318965771093 -3.12564492405985e-06 0.000563277484644238
4.88076465060289 0.067992084194376 1.36112658738601 -6.95526674322744e-05 0.000657129804578493 -2.93984914173158e-06 0.000569839734389456
5.08412984437801 0.0687438250973951 1.37617561172537 -5.98216085694699e-05 0.000695247544570799 3.7598663841619e-06 0.000577672044031369
5.28749503815313 0.0694955660004142 1.39122463606473 -4.58618862593335e-05 0.000738301737561233 5.03870791541892e-06 0.000585746392108685
5.49086023192825 0.0702473069034333 1.40627366040409 -5.1831163128206e-05 0.00076434167308791 -2.50441616070906e-06 0.000590507446709527
5.69422542570338 0.0709990478064525 1.42132268474345 -3.79859544651118e-05 0.000811212976764654 -7.2356684806218e-06 0.000598830838202664
5.8975906194785 0.0717507887094716 1.43637170908281 -4.05891851919393e-05 0.000855084916566938 -8.75270361762396e-06 0.000608021224156216
6.10095581325362 0.0725025296124907 1.45142073342216 -2.6336217309579e-05 0.000877740798377035 -4.89520312859916e-06 0.000615415688198425
6.30432100702874 0.0732542705155099 1.46646975776152 -1.95334167736409e-05 0.000922680465670882 -5.45119484460549e-06 0.000622002092684486
6.50768620080386 0.074006011418529 1.48151878210088 -1.26712248572838e-05 0.000965001893187686 2.95511655827742e-06 0.000629521392709874
6.71105139457898 0.0747577523215481 1.49656780644024 -1.02832233384624e-05 0.00099433723855155 1.34922714112063e-06 0.000636273501199573
6.9144165883541 0.0755094932245672 1.5116168307796 -1.2228950543234e-05 0.00103500685129938 1.9057904590865e-06 0.000642826677651969
7.11778178212922 0.0762612341275864 1.52666585511896 -1.58282867778085e-06 0.00107444268530527 -5.69020541355286e-06 0.000650213739804538
7.32114697590434 0.0770129750306055 1.54171487945832 5.75636067312784e-06 0.00113572050129058 -7.25248044983463e-06 0.000660935778259714
7.52451216967946 0.0777647159336246 1.55676390379768 -7.88867364400679e-06 0.00115562479694662 -8.73854004650579e-06 0.000667180532055441
7.72787736345458 0.0785164568366438 1.57181292813704 -3.05573263940108e-06 0.00119970501306673 -1.31335035379101e-05 0.000676022773094425
7.9312425572297 0.0792681977396629 1.5868619524764 8.32749251900095e-06 0.00125224918034577 -1.59238750415639e-05 0.000686416034514578
8.13460775100482 0.080019938642682 1.60191097681575 1.69873922145486e-05 0.00130549913000345 -1.23423124926684e-05 0.000695940605586541
8.33797294477994 0.0807716795457011 1.61696000115511 3.38918094625467e-05 0.00136025769076453 -1.18284109119725e-05 0.000706313310730433
8.54133813855506 0.0815234204487203 1.63200902549447 2.94640757402084e-05 0.00139887585697991 -1.42744050380932e-05 0.000715929598027938
8.74470333233018 0.0822751613517394 1.64705804983383 2.607521782524e-05 0.00144820413414544 -1.20706272414853e-05 0.000726810494687678
8.9480685261053 0.0830269022547585 1.66210707417319 2.00726688486e-05 0.00148971028746192 -7.04837366588895e-07 0.000734998420553316
9.15143371988042 0.0837786431577777 1.67715609851255 4.56448439340029e-05 0.00153008315255095 2.23908326446673e-06 0.000743122194628687
9.35479891365554 0.0845303840607968 1.69220512285191 3.05098691877461e-05 0.00154070546662227 -6.14503570561524e-06 0.000746889633077855
9.55816410743067 0.0852821249638159 1.70725414719127 4.91147886081063e-05 0.00159084189813941 -9.15391035975509e-06 0.000755741316529443
9.76152930120579 0.086033865866835 1.72230317153062 2.96400603710839e-05 0.00156750150209356 -2.09709609580835e-05 0.00075076994389884
9.96489449498091 0.0867856067698542 1.73735219586999 4.06155916008994e-05 0.00152972589939858 -2.40633128829955e-05 0.000740548045334045
10.168259688756 0.0875373476728733 1.75240122020934 1.9423430341882e-05 0.00130503811037397 -4.28164121931233e-06 0.000702212561139639
10.3716248825311 0.0882890885758924 1.7674502445487 1.69724530975098e-05 0.00118188048995743 1.18813633204833e-05 0.000674819764435205
10.5749900763063 0.0890408294789116 1.78249926888806 -5.31861722591503e-05 0.00069911631814365 8.21728916975793e-06 0.000571719688533851
10.7783552700814 0.0897925703819307 1.79754829322742 -6.20999148646193e-05 0.000377121792695247 3.42033387186097e-05 0.000502837982676102
10.9817204638565 0.0905443112849498 1.81259731756678 -8.56493190196257e-05 0.000200071254609224 7.8609508561475e-06 0.000470158144198636
11.1850856576316 0.0912960521879689 1.82764634190614 -9.21752351669224e-05 0.00012453738576924 2.55595449280603e-07 0.000460745237471988
11.3884508514068 0.0920477930909881 1.8426953662455 -6.57321464198974e-05 0.000115629060434693 -2.54996393244048e-06 0.000459630330868458
11.5918160451819 0.0927995339940072 1.85774439058486 -8.92944128664965e-05 0.000127900427272713 -3.54473611197424e-06 0.000460827451863887
11.795181238957 0.0935512748970263 1.87279341492421 -7.957191262798e-05 0.000126668037424117 -3.03511050992152e-06 0.000460169831899681
11.9985464327321 0.0943030158000454 1.88784243926357 -7.41869540859176e-05 0.000141802051123444 1.63137428023492e-06 0.000461371918024987
12.2019116265072 0.0950547567030646 1.90289146360293 -6.45152766036719e-05 0.000151587093747245 -2.73237319995942e-06 0.000461093891492518
12.4052768202824 0.0958064976060837 1.91794048794229 -5.91325033885887e-05 0.00014695006245994 2.78626030560366e-06 0.000461192219493693
12.6086420140575 0.0965582385091028 1.93298951228165 -6.4864387253309e-05 0.00014485148319437 -4.80185416495117e-06 0.000460488487543589
12.8120072078326 0.097309979412122 1.94803853662101 -7.04213358678503e-05 0.000154677661539758 -5.82524825235122e-06 0.00046019148387538
13.0153724016077 0.0980617203151411 1.96308756096037 -5.92352983443192e-05 0.000142255391644305 -1.37394960516767e-05 0.000460679150007441
13.2187375953828 0.0988134612181602 1.97813658529973 -6.48976658457311e-05 0.000154459431204603 -6.53068985224543e-06 0.000460593907032499
13.422102789158 0.0995652021211794 1.99318560963909 -6.53588152369351e-05 0.000152854429935377 5.7889907490567e-06 0.000460389983240718
13.6254679829331 0.100316943024198 2.00823463397844 -6.96061267118833e-05 0.000156455125641493 -1.20098098064884e-05 0.000459806418512875
13.8288331767082 0.101068683927218 2.02328365831781 -7.06009760852783e-05 0.000157623368677969 -4.92699755453571e-06 0.000459502714832699
14.0321983704833 0.101820424830237 2.03833268265717 -5.71795902099856e-05 0.000168658073412375 -6.90546920925487e-06 0.000461803394227186
14.2355635642584 0.102572165733256 2.05338170699652 -6.55941655359278e-05 0.000163321936970926 -5.44031128131335e-06 0.00046155108386498
14.4389287580336 0.103323906636275 2.06843073133588 -7.20017076947894e-05 0.000139364884579248 -2.32843319237654e-06 0.000458202282397811
14.6422939518087 0.104075647539294 2.08347975567524 -5.86753095231104e-05 0.000158437671867456 -1.44269717103717e-07 0.000458021483556718
14.8456591455838 0.104827388442313 2.09852878001459 -6.95411772617551e-05 0.000148452944263974 3.66887966638367e-06 0.000459002550279175
15.0490243393589 0.105579129345332 2.11357780435395 -6.86220581583361e-05 0.000138060299032882 3.87314542457439e-06 0.000456445843113821
15.252389533134 0.106330870248352 2.12862682869333 -6.79888500223752e-05 0.000140880398987832 2.02596167512301e-06 0.000457398880786505
15.4557547269092 0.107082611151371 2.14367585303268 -4.58739993405266e-05 0.000159040288822937 -2.54509552535321e-06 0.000456165266736681
15.6591199206843 0.10783435205439 2.15872487737204 -5.69667730358691e-05 0.000133852058347192 2.16463996621676e-06 0.000456257576706858
15.8624851144594 0.108586092957409 2.1737739017114 -5.21732294924495e-05 0.000153015362380143 2.90835567155913e-07 0.000456429102301428
16.0658503082345 0.109337833860428 2.18882292605075 -5.62862777861021e-05 0.000162318328412975 9.24910060472625e-06 0.000457180087111494
16.2692155020096 0.110089574763447 2.20387195039011 -4.78690398790168e-05 0.000146830076538976 3.92530977820855e-06 0.000456130183968661
16.4725806957848 0.110841315666466 2.21892097472946 -6.29238324513279e-05 0.000146737735996079 3.96299523069809e-06 0.000457085977080676
16.6759458895599 0.111593056569485 2.23396999906882 -5.23133480920129e-05 0.000166865181610005 5.36398191114635e-06 0.000457565840355551
16.879311083335 0.112344797472505 2.2490190234082 -5.79713526997705e-05 0.000157422794149368 6.87717834762904e-06 0.000459752255449855
17.0826762771101 0.113096538375524 2.26406804774755 -4.26711730334283e-05 0.000167577716476391 7.17611498135467e-07 0.000457749789723682
17.2860414708852 0.113848279278543 2.27911707208691 -5.92382540397627e-05 0.000167348781955751 4.25450465115367e-06 0.000458163567020672
17.4894066646604 0.114600020181562 2.29416609642627 -5.74716171344459e-05 0.000156145332848544 4.21675717287629e-07 0.000457754878047075
17.6927718584355 0.115351761084581 2.30921512076562 -4.04170084468033e-05 0.000161725133695307 -6.62239421282337e-06 0.000456971972750075
17.8961370522106 0.1161035019876 2.32426414510498 -5.33359893208769e-05 0.00017293969548827 -1.15931901501185e-06 0.000457128157819306
18.0995022459857 0.116855242890619 2.33931316944434 -5.37918294775871e-05 0.000164116247512839 1.18633565613363e-07 0.000456639130506127
18.3028674397608 0.117606983793638 2.35436219378369 -4.56998032816372e-05 0.000155809539656679 2.93452834749745e-06 0.000456594279487141
18.506232633536 0.118358724696658 2.36941121812307 -5.71476427792061e-05 0.000167875215865779 -3.29698779806286e-06 0.000455567263362133
18.7095978273111 0.119110465599677 2.38446024246242 -3.98396619001262e-05 0.000179018532882298 6.19037030208414e-07 0.000456468951420206
18.9129630210862 0.119862206502696 2.39950926680178 -5.19240973130104e-05 0.000165461941664018 4.44567360203009e-06 0.000456993545626698
19.1163282148613 0.120613947405715 2.41455829114114 -4.91005749848164e-05 0.000152827778524652 -3.02036568235924e-06 0.000453542925317242
19.3196934086365 0.121365688308734 2.42960731548049 -5.91431073048712e-05 0.000148177145581739 3.16911041625861e-06 0.00045318154658275
19.5230586024116 0.122117429211753 2.44465633981985 -3.6103849866744e-05 0.000176909714260663 -1.39895777810258e-06 0.000454109027800763
19.7264237961867 0.122869170114772 2.45970536415921 -5.19780797566117e-05 0.000185640291625148 4.0901742062363e-07 0.000454022057222119
19.9297889899618 0.123620911017791 2.47475438849856 -3.78436845144854e-05 0.000172201387889675 1.03614827046112e-05 0.000451664797096865
20.1331541837369 0.124372651920811 2.48980341283794 -3.49667999947056e-05 0.000180845325275995 -1.3126304991219e-06 0.00045226565993061
20.3365193775121 0.12512439282383 2.5048524371773 -4.10703907372122e-05 0.000179024539691921 6.60035830071596e-06 0.000453213045822272
20.5398845712872 0.125876133726849 2.51990146151665 -4.10811542687205e-05 0.00016916258235749 6.66624297989314e-06 0.00045116964305731
20.7432497650623 0.126627874629868 2.53495048585601 -3.92065745773578e-05 0.000177682646009526 5.68207115166182e-06 0.000451072178266613
20.9466149588374 0.127379615532887 2.54999951019536 -4.1289700203216e-05 0.000170675062093361 -6.23465741469215e-06 0.00045156292940563
21.1499801526125 0.128131356435906 2.56504853453472 -3.80225143985108e-05 0.000184031854918163 -5.36103132021664e-06 0.000450109984416049
21.3533453463877 0.128883097338925 2.58009755887408 -3.84459387033199e-05 0.000195078665583159 -1.27176792971192e-06 0.000449683617138319
21.5567105401628 0.129634838241944 2.59514658321343 -4.32755011410154e-05 0.000193820712053654 5.02572394606163e-06 0.000449502104535587
21.7600757339379 0.130386579144964 2.61019560755281 -4.78394093018254e-05 0.000173426658385955 1.70587426042863e-06 0.00044675705104817
21.963440927713 0.131138320047983 2.62524463189217 -4.62947767040447e-05 0.000174507575882323 -9.52936123683533e-06 0.000446300887989695
22.1668061214881 0.131890060951002 2.64029365623152 -5.13112376576427e-05 0.00016455748245422 -1.252413099849e-05 0.000445594838568104
22.3701713152633 0.132641801854021 2.65534268057088 -4.61721602620183e-05 0.000170272353834909 -1.00874203664321e-05 0.000445860270248447
22.5735365090384 0.13339354275704 2.67039170491024 -4.85699093179838e-05 0.000167113314142812 -1.57781514795113e-05 0.000444012600765367
22.7769017028135 0.134145283660059 2.68544072924959 -4.44359676344727e-05 0.00017091370256557 -1.63011007601505e-05 0.000444706693386273
22.9802668965886 0.134897024563078 2.70048975358895 -3.94493573076003e-05 0.000148028903264763 -6.3800571232208e-06 0.000441268130432021
23.1836320903637 0.135648765466097 2.7155387779283 -4.2730896784856e-05 0.000148878679021774 -1.12933065936971e-05 0.000441311691387649
23.3869972841389 0.136400506369117 2.73058780226768 -4.14782535253768e-05 0.000163529058814006 -5.16248617000602e-06 0.000442154410071573
23.590362477914 0.137152247272136 2.74563682660704 -2.09497207418256e-05 0.000142322131059625 -4.1629189229199e-07 0.000438792815874234
23.7937276716891 0.137903988175155 2.76068585094639 -4.67792084539265e-05 0.000146117249276039 7.96688642815971e-07 0.000436957320608956
23.9970928654642 0.138655729078174 2.77573487528575 -2.80438462476909e-05 0.000150793075697295 -2.7867750416036e-06 0.000437539898925371
24.2004580592393 0.139407469981193 2.79078389962511 -3.7240501639244e-05 0.000147295608379971 -4.52120517387997e-06 0.000436664957428368
24.4038232530145 0.140159210884212 2.80583292396446 -4.02214255012216e-05 0.00015042643671123 -6.19137536321689e-06 0.000437520468221129
24.6071884467896 0.140910951787231 2.82088194830382 -1.27608803142631e-05 0.0001565953473292 3.30019980274389e-06 0.000437154360153686
24.8105536405647 0.141662692690251 2.8359309726432 -1.73345677507518e-05 0.000140282042584438 -1.70046403844278e-06 0.000435076616853729
25.0139188343398 0.14241443359327 2.85097999698255 -3.21764977723713e-05 0.000149985267813102 -2.50775045603009e-06 0.000435991148466068
25.2172840281149 0.143166174496289 2.86602902132191 -2.6226033709004e-05 0.000149113540193557 -2.09671608998886e-06 0.000436086219174795
25.4206492218901 0.143917915399308 2.88107804566126 -2.18158889561566e-05 0.000157633507431094 -1.45863310581167e-06 0.000435882598029581
25.6240144156652 0.144669656302327 2.89612707000062 -1.97407829338938e-05 0.000172987885412884 6.53682255755531e-06 0.000436566568549496
25.8273796094403 0.145421397205346 2.91117609433998 -3.15346200886578e-05 0.000159903400238012 -1.39821088513232e-06 0.000435085497964376
26.0307448032154 0.146173138108365 2.92622511867933 -2.80226992044076e-05 0.000148361349713377 -3.57915179131424e-06 0.000434051560381341
26.2341099969906 0.146924879011384 2.94127414301869 -3.12577687776907e-05 0.000149529786768428 -3.40837686627134e-06 0.000432682282417753
26.4374751907657 0.147676619914404 2.95632316735807 -1.53186096813544e-05 0.000159206752517342 -2.73965797713303e-06 0.000434461858433186
26.6408403845408 0.148428360817423 2.97137219169742 -2.25879043322419e-05 0.000151815756770766 8.0950284693735e-06 0.000432950798687497
26.8442055783159 0.149180101720442 2.98642121603678 -1.57426823205149e-05 0.000141085136195614 7.92095485882554e-06 0.000430377249781754
27.047570772091 0.149931842623461 3.00147024037613 -1.69925448455498e-05 0.000154864629707806 1.46399310469889e-05 0.000430385470557248
27.2509359658662 0.15068358352648 3.01651926471549 -1.520582728737e-05 0.000143917823566477 -2.00454666747581e-06 0.000428810964787465
27.4543011596413 0.151435324429499 3.03156828905485 -1.51266705994577e-05 0.000144471581504183 -2.03061219358179e-06 0.000427060892844633
27.6576663534164 0.152187065332518 3.0466173133942 -1.61623626789652e-06 0.000152620692881785 -3.27750403057932e-06 0.000426349097676571
27.8610315471915 0.152938806235537 3.06166633773356 -3.46304007281635e-05 0.000152952930495951 -8.81732355977136e-06 0.000426684275265104
28.0643967409666 0.153690547138557 3.07671536207294 -2.18297437016872e-05 0.000147001877143096 -2.43136556784924e-06 0.000426118508621173
28.2677619347418 0.154442288041576 3.09176438641229 -2.54660970588573e-05 0.000148554741205141 2.40046741293572e-06 0.000425878524693757
28.4711271285169 0.155194028944595 3.10681341075165 -2.33308841756777e-05 0.000143646271273295 5.60004583635224e-06 0.000424576833240156
28.674492322292 0.155945769847614 3.12186243509101 -2.98302867845082e-05 0.000134307046214828 -9.5358940126557e-06 0.000420687005004294
28.8778575160671 0.156697510750633 3.13691145943036 -1.45026089615389e-05 0.000151565446320051 -6.38471416530037e-07 0.000422013199993187
29.0812227098422 0.157449251653652 3.15196048376972 -1.67702565720945e-05 0.000133749208538201 -4.88702062566214e-06 0.0004190782381498
29.2845879036174 0.158200992556671 3.16700950810907 -2.39711425347527e-05 0.000129230175203675 1.72258621949701e-06 0.000418543384322808
29.4879530973925 0.15895273345969 3.18205853244843 -1.26391886803013e-06 0.00012832451311462 7.95086563580515e-06 0.00041801986081927
29.6913182911676 0.15970447436271 3.19710755678781 -2.56163295737808e-05 0.000128590382759192 2.84224985994994e-06 0.000415239949552811
29.8946834849427 0.160456215265729 3.21215658112716 -2.33200458865039e-05 0.000112006185370489 2.88563777851662e-06 0.000415499728913431
30.0980486787178 0.161207956168748 3.22720560546652 -2.4525472596809e-05 0.000115460769341242 3.41402156115638e-06 0.000415338642140701
30.301413872493 0.161959697071767 3.24225462980588 -1.10916634926741e-05 0.000123917765851865 1.29148080113001e-05 0.000416190780423945
30.5047790662681 0.162711437974786 3.25730365414523 -2.78981024857454e-05 0.00012940245462474 5.93353304056175e-06 0.000415693412580048
30.7081442600432 0.163463178877805 3.27235267848459 -8.91088045878076e-06 0.000114010783678953 -1.4786289428079e-06 0.00041530929171062
30.9115094538183 0.164214919780824 3.28740170282395 -2.59580641450794e-05 0.00012701097832476 4.51953909721182e-06 0.00041459050946511
31.1148746475934 0.164966660683844 3.30245072716332 -8.71592444949799e-06 0.000130598361180384 8.21015329129898e-06 0.000414647554484448
31.3182398413686 0.165718401586863 3.31749975150268 -2.04262554863666e-05 0.000126696109997856 7.68118480955255e-06 0.000414084261725092
31.5216050351437 0.166470142489882 3.33254877584204 -1.97291821380847e-05 0.000130265189338812 1.92169487405107e-06 0.0004155984799158
31.7249702289188 0.167221883392901 3.34759780018139 -2.3391847874089e-05 0.000129693104937324 1.0662120765205e-05 0.000415054568500605
31.9283354226939 0.16797362429592 3.36264682452075 -2.25538706218368e-05 0.00012719108615592 8.19946339637852e-07 0.000415056497677101
32.131700616469 0.168725365198939 3.3776958488601 -1.16065295354634e-05 0.000120609807078017 1.88151175509927e-06 0.000414400209434675
32.3350658102442 0.169477106101958 3.39274487319946 -4.69129214575416e-06 0.000141794824840871 1.78067129365625e-06 0.000415218289340312
32.5384310040193 0.170228847004977 3.40779389753882 -1.9533449163094e-05 0.000128465971091548 -6.39145181881875e-07 0.000413567316532858
32.7417961977944 0.170980587907997 3.42284292187819 -2.04178078394756e-05 0.000134519727605771 -7.99936122442802e-06 0.000413945704650882
32.9451613915695 0.171732328811016 3.43789194621755 -1.29280013299718e-05 0.000140275245769661 4.8842636598012e-06 0.000414207292714936
33.1485265853446 0.172484069714035 3.45294097055691 -1.16011563412881e-05 0.000133108524815936 -6.6486584584735e-06 0.000413892223287003
33.3518917791198 0.173235810617054 3.46798999489626 -1.678192880579e-05 0.000117668476009857 -5.76587550260295e-06 0.000412334433473104
33.5552569728949 0.173987551520073 3.48303901923562 -2.05964986083623e-05 0.000117084814933595 -4.86500662579818e-06 0.00041252605412695
33.75862216667 0.174739292423092 3.49808804357497 -8.35130067827682e-06 0.000127368457481232 -4.35215169052952e-06 0.000412239596957046
33.9619873604451 0.175491033326111 3.51313706791433 -3.20983726604011e-05 0.000110979913735243 2.02080181362733e-06 0.000409381916083356
34.1653525542203 0.17624277422913 3.52818609225369 -3.02201790486754e-05 0.000114722070238519 3.51452971080294e-06 0.000410352681682022
34.3687177479954 0.17699451513215 3.54323511659306 -1.87628985393356e-05 0.000113836042275827 4.09994691258886e-06 0.000410094075483115
34.5720829417705 0.177746256035169 3.55828414093242 -2.24562620225527e-06 0.000125152078802958 6.72237390350005e-06 0.00041018135209678
34.7754481355456 0.178497996938188 3.57333316527178 -1.69777549493493e-05 0.000131380466425611 7.61115113250352e-06 0.000409524032152751
34.9788133293207 0.179249737841207 3.58838218961113 -1.49998721833024e-05 0.000130539371585006 7.58237438142441e-06 0.000408758818147422
35.1821785230959 0.180001478744226 3.60343121395049 -2.33999119215732e-05 0.000110066306080263 7.4425000471351e-06 0.00040697066339193
35.385543716871 0.180753219647245 3.61848023828985 -1.75499513147983e-05 0.000105201272461093 1.78741532015408e-06 0.000406703010748987
35.5889089106461 0.181504960550264 3.6335292626292 -2.17045639276386e-05 0.000105904310355197 6.43819968500702e-06 0.000407710787662569
35.7922741044212 0.182256701453283 3.64857828696856 -1.95123677801478e-05 0.000102721326136511 -4.22779038066528e-07 0.000408170068093755
35.9956392981963 0.183008442356303 3.66362731130793 -1.75879272178323e-05 0.000120200749394251 5.70268510660394e-06 0.000407918421489084
36.1990044919715 0.183760183259322 3.67867633564729 -1.62883957684912e-05 0.000119563534133733 -8.96462551374191e-07 0.000407567050248028
36.4023696857466 0.184511924162341 3.69372535998665 -2.85989894210216e-05 0.000108614679028451 -3.50439504204498e-07 0.000407146996063112
36.6057348795217 0.18526366506536 3.708774384326 -2.25793074808807e-05 0.000110764869160322 1.99174815622412e-06 0.000408140788993634
36.8091000732968 0.186015405968379 3.72382340866536 -2.77378004309833e-05 0.000103859063623476 3.79337611081494e-07 0.000408419071869807
37.0124652670719 0.186767146871398 3.73887243300472 -2.80899773192845e-05 0.000109816962022 -2.34282596388774e-06 0.000409282063648665
37.2158304608471 0.187518887774417 3.75392145734407 -3.14628114007763e-05 0.000125848961773353 -4.62795713297813e-06 0.000409879636998406
37.4191956546222 0.188270628677436 3.76897048168343 -2.64279595993457e-05 0.000109143022113235 4.35394617578293e-06 0.000409811670892657
37.6225608483973 0.189022369580456 3.78401950602281 -1.64562544289494e-05 0.000146700484122267 -2.88041700786313e-06 0.000410678563933348
37.8259260421724 0.189774110483475 3.79906853036216 -7.08481154663575e-06 0.000125002322242574 1.75993034506044e-06 0.000408499516679471
38.0292912359475 0.190525851386494 3.81411755470152 -1.66457436639709e-05 0.000130879470413092 7.97693141713239e-07 0.000408683510537549
38.2326564297227 0.191277592289513 3.82916657904087 -1.24824853833119e-05 0.000120165197354679 2.84186095824761e-06 0.000405895051307625
38.4360216234978 0.192029333192532 3.84421560338023 -2.22866156960281e-05 0.000124988085278193 -5.35229490685352e-06 0.000406051070510241
38.6393868172729 0.192781074095551 3.85926462771959 -9.56073899453096e-06 0.000116264496421537 -3.94245662252715e-06 0.000402774521478542
38.842752011048 0.19353281499857 3.87431365205894 -4.6492780665329e-06 0.000104786946042428 -1.82213428977628e-06 0.000402999397704486
39.0461172048231 0.19428455590159 3.88936267639832 -6.73256784719144e-06 0.000109866592137968 -1.4261576181801e-06 0.000403420052955057
39.2494823985983 0.195036296804609 3.90441170073768 -2.25895041254456e-05 0.000112736628315453 -3.10788915336751e-06 0.00040375664368826
39.4528475923734 0.195788037707628 3.91946072507703 -1.80144652078657e-05 0.000110893831941244 1.47206813358077e-06 0.000403879079081287
39.6562127861485 0.196539778610647 3.93450974941639 -2.97272358654408e-05 0.000122775479725148 2.10460279945483e-06 0.00040477104375563
39.8595779799236 0.197291519513666 3.94955877375575 -1.48280388234186e-05 0.000106456253495115 2.06069511288367e-06 0.000404232462918431
40.0629431736987 0.198043260416685 3.9646077980951 -1.70001325988883e-05 0.000115073024295497 6.4048769394327e-06 0.000404679645102934
40.2663083674739 0.198795001319704 3.97965682243446 -9.76652023791357e-06 0.000127795258927075 8.48336144754792e-06 0.000405664817704949
40.469673561249 0.199546742222723 3.99470584677381 -1.17916100643873e-05 0.000118060798475937 3.93716865080147e-06 0.000405223600378616
